<html>
<head><style type="text/css">h1 {background-color:#9999CC}
h2 {background-color:#BBBBCC}
h3 {background-color:#DDDDFF}
th {border:1px solid black;background-color:#CCCCDD;}
td{border:1px solid black;}
table {border:1px solid black;border-collapse: collapse;}
.chart {border:0px none black;border-collapse: collapse;background-color: none;}
.passed {background-color:lightgreen;font-weight:bold;color:darkgreen}
.failed {background-color:tomato;font-weight:bold;color:darkred}
.undefined {background-color:gold;font-weight:bold;color:goldenrod}
.skipped {background-color:silver;font-weight:bold;color:darkgray}
.known {background-color:goldenrod;font-weight:bold;color:darkred}
.passed_description {background-color:#D0FFD0;font-weight:bold;font-style:italic;color:black}
.failed_description {background-color:#FFA898;font-weight:bold;font-style:italic;color:black}
.comment {font-family:courier;font-weight:normal;font-size:small;color:black;border:1px dashed black;background-color:silver}
.tip {font-family:courier;font-weight:normal;font-size:small;color:white;background-color:black}
OL { counter-reset: item }
OL>LI { display: block }
OL>LI:before { content: counters(item, ".") " "; counter-increment: item }

div.header {
    display: block; text-align: center;
    position: running(header);
}
div.footer {
    display: block; text-align: center;
    position: running(footer);
}
div.content {page-break-after: always;}
@page {
	 size: auto;
     @top-center {
     	content: "Detailed Results Report";
	    color: silver;
	    font-size: 14px;
     }
     @top-right {
     	content: date("dd MMM, yyyy hh:mm");
	    color: silver;
	    font-size: 8px;
     }
    @bottom-right {
    	content: "Page " counter(page) " of " counter(pages) ;
	    color: silver;
	    font-size: 8px;
    }
}
ol a::after {
  content: leader('.') target-counter(attr(href), page);
}
</style>
<title>Detailed Results Report</title>
  </head>
  <body>
    <div class='header'></div>
    <div class='footer'></div>
  <h1>Overview</h1>
<table><tr><th></th><th>Passed</th><th>Failed</th><th>Known</th><th>Undefined</th><th>Total</th><th>%Passed</th></tr><tr><th>Features</th><td class="passed" id="features_passed">1</td><td class="failed" id="features_failed">2</td><td class="known" id="features_known">0</td><td class="undefined" id="features_undefined">0</td><td id="features_total">3</td><td id="features_rate">33.33</td></tr><tr><th>Scenarios</th><td class="passed" id="scenarios_passed">3</td><td class="failed" id="scenarios_failed">2</td><td class="known" id="scenarios_known">0</td><td class="undefined" id="scenarios_undefined">0</td><td id="scenarios_total">5</td><td id="scenarios_rate">60.00</td></tr><tr><th>Steps</th><td class="passed" id="steps_passed">19</td><td class="failed" id="steps_failed">2</td><td class="known" id="steps_known">0</td><td class="undefined" id="steps_undefined">2</td><td id="steps_total">23</td><td id="steps_rate">82.61</td></tr></table><div><b>Overall Duration: 0h 01m 34s</b></div>
<a id="top"></a><h1>Table of Contents</h1><ol><li> <span class="passed"><a href="#feature-1login-to-loyal-page">Login to loyal page</a></span><ol><li> <span class="passed"><a href="#sc-15-login-to-loyal-page;test-login;;2">Test login</a></span></li><li> <span class="passed"><a href="#sc-16-login-to-loyal-page;test-login;;3">Test login</a></span></li><li> <span class="passed"><a href="#sc-17-login-to-loyal-page;test-login;;4">Test login</a></span></li></ol></li><li> <span class="failed"><a href="#feature-1regiter-client">Regiter Client</a></span><ol><li> <span class="failed"><a href="#sc-3-regiter-client;create-new-parent">Create new parent</a></span></li></ol></li><li> <span class="failed"><a href="#feature-1dashboard-testing">Dashboard testing</a></span><ol><li> <span class="failed"><a href="#sc-3-dashboard-testing;pet-tracking-board">pet tracking board</a></span></li></ol></li></ol><h1>Detailed Results Report</h1><table width="700px"><tr class="passed"><td colspan="4"><b>Feature:</b> <a id="feature-1login-to-loyal-page">Login to loyal page</a></td></tr><tr class="passed"><td><small><b>Passed:</b> 3</small></td><td><small><b>Failed:</b> 0</small></td><td><small><b>Undefined:</b> 0</small></td><td><small>Duration: 29.20s</small></td></tr><tr class="passed"><td colspan="4" style="padding-left:20px"> <table width="100%"><tr class="passed"><td colspan="4"><b>Scenario Outline:</b> <a id="sc-15-login-to-loyal-page;test-login;;2">Test login</a></td></tr><tr class="passed"><td><small><b>Passed:</b> 2</small></td><td><small><b>Failed:</b> 0</small></td><td><small><b>Undefined:</b> 0</small></td><td><small>Duration: 21.01s</small></td></tr><tr class="passed"><td>Before</td><td colspan="2"></td><td width="100">6.45s</td></tr><tr class="passed"><td colspan="4"></td></tr><tr class="passed"><td colspan="4" style="padding-left:20px"> <table width="100%"><tr class="passed"><td><b>Given </b> I fill the &quot;test123&quot; and &quot;pass123&quot; in the fields to logged into the application</td><td width="100">13.19s</td></tr><tr class="passed"><td style="padding-left:20px" colspan="2"><table><tr><td>Element</td><td>option</td><td>ElementType</td></tr><tr><td>username</td><td>Name</td><td>TEXT</td></tr><tr><td>password</td><td>Name</td><td>TEXT</td></tr></table></td></tr><tr class="passed"><td><b>And </b> I should click the &quot;Login&quot; button to login to the &quot;Loyal page&quot;</td><td width="100">1.36s</td></tr><tr class="passed"><td style="padding-left:20px" colspan="2"><table><tr><td>Element</td><td>option</td></tr><tr><td>.account__btn</td><td>cssselector</td></tr></table></td></tr></table></td></tr><tr class="passed"><td>After</td><td colspan="2"></td><td width="100">0.01s</td></tr><tr class="passed"><td colspan="4"></td></tr><tr><td colspan="5"><sup><a href="#top">Back to Table of Contents</a></sup></td></tr><tr class="passed"><td colspan="4"><b>Scenario Outline:</b> <a id="sc-16-login-to-loyal-page;test-login;;3">Test login</a></td></tr><tr class="passed"><td><small><b>Passed:</b> 2</small></td><td><small><b>Failed:</b> 0</small></td><td><small><b>Undefined:</b> 0</small></td><td><small>Duration: 4.61s</small></td></tr><tr class="passed"><td>Before</td><td colspan="2"></td><td width="100">0.00s</td></tr><tr class="passed"><td colspan="4"></td></tr><tr class="passed"><td colspan="4" style="padding-left:20px"> <table width="100%"><tr class="passed"><td><b>Given </b> I fill the &quot;e25mediatest+520@eight25media.com&quot; and &quot;pass1234&quot; in the fields to logged into the application</td><td width="100">3.41s</td></tr><tr class="passed"><td style="padding-left:20px" colspan="2"><table><tr><td>Element</td><td>option</td><td>ElementType</td></tr><tr><td>username</td><td>Name</td><td>TEXT</td></tr><tr><td>password</td><td>Name</td><td>TEXT</td></tr></table></td></tr><tr class="passed"><td><b>And </b> I should click the &quot;Login&quot; button to login to the &quot;Loyal page&quot;</td><td width="100">1.20s</td></tr><tr class="passed"><td style="padding-left:20px" colspan="2"><table><tr><td>Element</td><td>option</td></tr><tr><td>.account__btn</td><td>cssselector</td></tr></table></td></tr></table></td></tr><tr class="passed"><td>After</td><td colspan="2"></td><td width="100">0.01s</td></tr><tr class="passed"><td colspan="4"></td></tr><tr><td colspan="5"><sup><a href="#top">Back to Table of Contents</a></sup></td></tr><tr class="passed"><td colspan="4"><b>Scenario Outline:</b> <a id="sc-17-login-to-loyal-page;test-login;;4">Test login</a></td></tr><tr class="passed"><td><small><b>Passed:</b> 2</small></td><td><small><b>Failed:</b> 0</small></td><td><small><b>Undefined:</b> 0</small></td><td><small>Duration: 3.58s</small></td></tr><tr class="passed"><td>Before</td><td colspan="2"></td><td width="100">0.00s</td></tr><tr class="passed"><td colspan="4"></td></tr><tr class="passed"><td colspan="4" style="padding-left:20px"> <table width="100%"><tr class="passed"><td><b>Given </b> I fill the &quot;e25mediatest+520@eight25media.com&quot; and &quot;Test1234&quot; in the fields to logged into the application</td><td width="100">2.36s</td></tr><tr class="passed"><td style="padding-left:20px" colspan="2"><table><tr><td>Element</td><td>option</td><td>ElementType</td></tr><tr><td>username</td><td>Name</td><td>TEXT</td></tr><tr><td>password</td><td>Name</td><td>TEXT</td></tr></table></td></tr><tr class="passed"><td><b>And </b> I should click the &quot;Login&quot; button to login to the &quot;Loyal page&quot;</td><td width="100">1.20s</td></tr><tr class="passed"><td style="padding-left:20px" colspan="2"><table><tr><td>Element</td><td>option</td></tr><tr><td>.account__btn</td><td>cssselector</td></tr></table></td></tr></table></td></tr><tr class="passed"><td>After</td><td colspan="2"></td><td width="100">0.01s</td></tr><tr class="passed"><td colspan="4"></td></tr><tr><td colspan="5"><sup><a href="#top">Back to Table of Contents</a></sup></td></tr></table></td></tr><tr><td colspan="5"></td></tr><tr class="failed"><td colspan="4"><b>Feature:</b> <a id="feature-1regiter-client">Regiter Client</a></td></tr><tr class="failed"><td><small><b>Passed:</b> 0</small></td><td><small><b>Failed:</b> 1</small></td><td><small><b>Undefined:</b> 0</small></td><td><small>Duration: 49.24s</small></td></tr><tr class="failed"><td colspan="4" style="padding-left:20px"> <table width="100%"><tr class="failed"><td colspan="4"><b>Scenario:</b> <a id="sc-3-regiter-client;create-new-parent">Create new parent</a></td></tr><tr class="failed"><td><small><b>Passed:</b> 12</small></td><td><small><b>Failed:</b> 1</small></td><td><small><b>Undefined:</b> 2</small></td><td><small>Duration: 49.24s</small></td></tr><tr class="passed"><td>Before</td><td colspan="2"></td><td width="100">0.00s</td></tr><tr class="passed"><td colspan="4"></td></tr><tr class="failed"><td colspan="4" style="padding-left:20px"> <table width="100%"><tr class="passed"><td><b>Given </b> I Should see the Loyal login page loaded sucessfullyy</td><td width="100">1.16s</td></tr><tr class="passed"><td><b>And </b> I should click on &quot;Register client&quot; button on left side menu</td><td width="100">6.29s</td></tr><tr class="passed"><td style="padding-left:20px" colspan="2"><table><tr><td>Element</td><td>option</td></tr><tr><td>.lnr-user</td><td>cssselector</td></tr></table></td></tr><tr class="passed"><td><b>Then </b> I should redirect to the Register Client page successfullyy</td><td width="100">2.06s</td></tr><tr class="passed"><td><b>And </b> I fill the &quot;Find parent&quot; details to create a new Parent</td><td width="100">0.72s</td></tr><tr class="passed"><td style="padding-left:20px" colspan="2"><table><tr><td>Element</td><td>value</td><td>option</td><td>ElementType</td></tr><tr><td>//*[contains(concat( &quot; &quot;, @class, &quot; &quot; ), concat( &quot; &quot;, &quot;form-control&quot;, &quot; &quot; ))]</td><td>Henrry</td><td>xpath</td><td>Textbox</td></tr></table></td></tr><tr class="passed"><td><b>Then </b> I should see the newly enabled &quot;No parent record found?&quot; label on left hand side</td><td width="100">0.00s</td></tr><tr class="passed"><td><b>And </b> I click on the &quot;Add new Parent&quot; button to add a new parent</td><td width="100">6.22s</td></tr><tr class="passed"><td style="padding-left:20px" colspan="2"><table><tr><td>Element</td><td>option</td></tr><tr><td>.action</td><td>cssselector</td></tr></table></td></tr><tr class="passed"><td><b>Then </b> &quot;Register new parent&quot; Tab should enable after click the Add new parent button</td><td width="100">2.09s</td></tr><tr class="passed"><td><b>And </b> I should see the excel data &quot;RegisterClient&quot;</td><td width="100">2.15s</td></tr><tr class="passed"><td style="padding-left:20px" colspan="2"><table><tr><td>Element</td><td>value</td><td>option</td><td>ElementType</td></tr><tr><td>firstName</td><td>firstName</td><td>name</td><td>Textbox</td></tr><tr><td>lastName</td><td>lastName</td><td>name</td><td>Textbox</td></tr><tr><td>phoneEmail</td><td>phoneEmail</td><td>name</td><td>Textbox</td></tr></table></td></tr><tr class="passed"><td><b>And </b> I click on the &quot;Add New Pet&quot; to create a pet to the parent</td><td width="100">6.31s</td></tr><tr class="passed"><td style="padding-left:20px" colspan="2"><table><tr><td>Element</td><td>option</td></tr><tr><td>.add-new-top-panel-button</td><td>cssselector</td></tr></table></td></tr><tr class="passed"><td><b>And </b> I should see the &quot;Register New Pet&quot; tab after clicking the button</td><td width="100">2.11s</td></tr><tr class="passed"><td><b>And </b> I fill the &quot;Register New Pet&quot; details from excel data &quot;RegisterClient&quot;</td><td width="100">0.40s</td></tr><tr class="passed"><td style="padding-left:20px" colspan="2"><table><tr><td>Element</td><td>value</td><td>option</td><td>ElementType</td></tr><tr><td>name</td><td>Pet Name</td><td>name</td><td>Textbox</td></tr><tr><td>species</td><td>Species</td><td>id,index</td><td>dropdown</td></tr><tr><td>//div[@class='Select-placeholder selectorgadget_selected']</td><td>Breed</td><td>xpath,value</td><td>dropdown</td></tr><tr><td>gender</td><td>Gender</td><td>id,value</td><td>dropdown</td></tr></table></td></tr><tr class="passed"><td><b>And </b> I click on the &quot;Save&quot; button to create a new parent</td><td width="100">6.27s</td></tr><tr class="passed"><td style="padding-left:20px" colspan="2"><table><tr><td>Element</td><td>option</td></tr><tr><td>//button[@class='btn loyal-btn-save-update']</td><td>xpath</td></tr></table></td></tr><tr class="failed"><td><b>And </b> I should see the &quot;Parent successfully saved and invited&quot; confirm the parent created sucessfully</td><td width="100">13.06s</td></tr><tr class="failed"><td style="padding-left:20px" colspan="2"><table><tr><td>Element</td><td>option</td><td>Validation message</td></tr><tr><td>//p[contains(text(),'Parent successfully saved and invited')]</td><td>xpath</td><td>Parent successfully saved and invited</td></tr></table></td></tr><tr class="failed"><td colspan="2"><div><br>org.openqa.selenium.NoSuchElementException: no such element: Unable to locate element: {&quot;method&quot;:&quot;xpath&quot;,&quot;selector&quot;:&quot;//p[contains(text(),'Parent successfully saved and invited')]&quot;}
  (Session info: chrome=74.0.3729.157)
  (Driver info: chromedriver=2.38.552522 (437e6fbedfa8762dec75e2c5b3ddb86763dc9dcb),platform=Windows NT 10.0.17763 x86_64) (WARNING: The server did not provide any stacktrace information)
Command duration or timeout: 10.02 seconds
For documentation on this error, please visit: http://seleniumhq.org/exceptions/no_such_element.html
Build info: version: '3.4.0', revision: 'unknown', time: 'unknown'
System info: host: 'THILINA-MOBILE', ip: '169.254.93.131', os.name: 'Windows 10', os.arch: 'amd64', os.version: '10.0', java.version: '1.8.0_202'
Driver info: org.openqa.selenium.chrome.ChromeDriver
Capabilities [{applicationCacheEnabled=false, rotatable=false, mobileEmulationEnabled=false, networkConnectionEnabled=false, chrome={chromedriverVersion=2.38.552522 (437e6fbedfa8762dec75e2c5b3ddb86763dc9dcb), userDataDir=C:UsersTHILIN~1AppDataLocalTempscoped_dir14132_24089}, takesHeapSnapshot=true, pageLoadStrategy=normal, databaseEnabled=false, handlesAlerts=true, hasTouchScreen=false, version=74.0.3729.157, platform=XP, browserConnectionEnabled=false, nativeEvents=true, acceptSslCerts=false, acceptInsecureCerts=false, locationContextEnabled=true, webStorageEnabled=true, browserName=chrome, takesScreenshot=true, javascriptEnabled=true, cssSelectorsEnabled=true, setWindowRect=true, unexpectedAlertBehaviour=}]
Session ID: d306e4796ddd4e8ae8c75c4b2c972904
*** Element info: {Using=xpath, value=//p[contains(text(),'Parent successfully saved and invited')]}</br><br>
	at sun.reflect.NativeConstructorAccessorImpl.newInstance0(Native Method)</br><br>
	at sun.reflect.NativeConstructorAccessorImpl.newInstance(NativeConstructorAccessorImpl.java:62)</br><br>
	at sun.reflect.DelegatingConstructorAccessorImpl.newInstance(DelegatingConstructorAccessorImpl.java:45)</br><br>
	at java.lang.reflect.Constructor.newInstance(Constructor.java:423)</br><br>
	at org.openqa.selenium.remote.ErrorHandler.createThrowable(ErrorHandler.java:215)</br><br>
	at org.openqa.selenium.remote.ErrorHandler.throwIfResponseFailed(ErrorHandler.java:167)</br><br>
	at org.openqa.selenium.remote.RemoteWebDriver.execute(RemoteWebDriver.java:671)</br><br>
	at org.openqa.selenium.remote.RemoteWebDriver.findElement(RemoteWebDriver.java:410)</br><br>
	at org.openqa.selenium.remote.RemoteWebDriver.findElementByXPath(RemoteWebDriver.java:509)</br><br>
	at org.openqa.selenium.By&#36;ByXPath.findElement(By.java:361)</br><br>
	at org.openqa.selenium.remote.RemoteWebDriver.findElement(RemoteWebDriver.java:402)</br><br>
	at com.cucumber.common.SetElements.ValidationMessage(SetElements.java:1209)</br><br>
	at com.cucumber.definition.admin.RegisterClient.i_should_see_the_confirm_the_parent_created_sucessfully(RegisterClient.java:252)</br><br>
	at &#10045;.And I should see the &quot;Parent successfully saved and invited&quot; confirm the parent created sucessfully(B_RegisterClient.feature:36)</br><br>
</br></div></td></tr><tr class="skipped"><td><b>And </b> I click on the ok button of the &quot;Parent successfully saved and invited&quot; validation message</td><td width="100">0.00s</td></tr><tr class="skipped"><td style="padding-left:20px" colspan="2"><table><tr><td>Element</td><td>option</td></tr><tr><td>//*[contains(concat( &quot; &quot;, @class, &quot; &quot; ), concat( &quot; &quot;, &quot;btn-secondary&quot;, &quot; &quot; ))]</td><td>xpath</td></tr></table></td></tr><tr class="skipped"><td><b>And </b> I should click the &quot;Pet tracking board&quot; button on the left menu bar</td><td width="100">0.00s</td></tr><tr class="skipped"><td style="padding-left:20px" colspan="2"><table><tr><td>Element</td><td>option</td></tr><tr><td>//*[contains(concat( &quot; &quot;, @class, &quot; &quot; ), concat( &quot; &quot;, &quot;sidebar__link-title&quot;, &quot; &quot; ))]</td><td>xpath</td></tr></table></td></tr><tr class="skipped"><td colspan="2"><img src="screenshots/3_regiter_client_create_new_parent1558613140091.png" width="700px" /></td></tr></table></td></tr><tr class="passed"><td>After</td><td colspan="2"></td><td width="100">0.40s</td></tr><tr class="passed"><td colspan="4"></td></tr><tr><td colspan="5"><sup><a href="#top">Back to Table of Contents</a></sup></td></tr></table></td></tr><tr><td colspan="5"></td></tr><tr class="failed"><td colspan="4"><b>Feature:</b> <a id="feature-1dashboard-testing">Dashboard testing</a></td></tr><tr class="failed"><td><small><b>Passed:</b> 0</small></td><td><small><b>Failed:</b> 1</small></td><td><small><b>Undefined:</b> 0</small></td><td><small>Duration: 16.54s</small></td></tr><tr class="failed"><td colspan="4" style="padding-left:20px"> <table width="100%"><tr class="failed"><td colspan="4"><b>Scenario:</b> <a id="sc-3-dashboard-testing;pet-tracking-board">pet tracking board</a></td></tr><tr class="failed"><td><small><b>Passed:</b> 1</small></td><td><small><b>Failed:</b> 1</small></td><td><small><b>Undefined:</b> 0</small></td><td><small>Duration: 16.54s</small></td></tr><tr class="passed"><td>Before</td><td colspan="2"></td><td width="100">0.00s</td></tr><tr class="passed"><td colspan="4"></td></tr><tr class="failed"><td colspan="4" style="padding-left:20px"> <table width="100%"><tr class="passed"><td><b>Given </b> I Should see the Loyal login page loaded sucessfullyy</td><td width="100">1.08s</td></tr><tr class="failed"><td><b>And </b> I should see the pet appoinment &quot;&quot; in the bashboard</td><td width="100">15.09s</td></tr><tr class="failed"><td style="padding-left:20px" colspan="2"><table><tr><td></td><td></td></tr></table></td></tr><tr class="failed"><td colspan="2"><div><br>org.openqa.selenium.NoSuchElementException: no such element: Unable to locate element: {&quot;method&quot;:&quot;css selector&quot;,&quot;selector&quot;:&quot;#root &gt; div.theme-light &gt; div &gt; main &gt; div.container__wrap &gt; div &gt; div &gt; div.card &gt; div &gt; div.board.minimize &gt; div &gt; div &gt; div &gt; span:nth-child(1) &gt; section &gt; div &gt; div &gt; div &gt; article &gt; div &gt; div.name&quot;}
  (Session info: chrome=74.0.3729.157)
  (Driver info: chromedriver=2.38.552522 (437e6fbedfa8762dec75e2c5b3ddb86763dc9dcb),platform=Windows NT 10.0.17763 x86_64) (WARNING: The server did not provide any stacktrace information)
Command duration or timeout: 10.06 seconds
For documentation on this error, please visit: http://seleniumhq.org/exceptions/no_such_element.html
Build info: version: '3.4.0', revision: 'unknown', time: 'unknown'
System info: host: 'THILINA-MOBILE', ip: '169.254.93.131', os.name: 'Windows 10', os.arch: 'amd64', os.version: '10.0', java.version: '1.8.0_202'
Driver info: org.openqa.selenium.chrome.ChromeDriver
Capabilities [{applicationCacheEnabled=false, rotatable=false, mobileEmulationEnabled=false, networkConnectionEnabled=false, chrome={chromedriverVersion=2.38.552522 (437e6fbedfa8762dec75e2c5b3ddb86763dc9dcb), userDataDir=C:UsersTHILIN~1AppDataLocalTempscoped_dir14132_24089}, takesHeapSnapshot=true, pageLoadStrategy=normal, databaseEnabled=false, handlesAlerts=true, hasTouchScreen=false, version=74.0.3729.157, platform=XP, browserConnectionEnabled=false, nativeEvents=true, acceptSslCerts=false, acceptInsecureCerts=false, locationContextEnabled=true, webStorageEnabled=true, browserName=chrome, takesScreenshot=true, javascriptEnabled=true, cssSelectorsEnabled=true, setWindowRect=true, unexpectedAlertBehaviour=}]
Session ID: d306e4796ddd4e8ae8c75c4b2c972904
*** Element info: {Using=css selector, value=#root &gt; div.theme-light &gt; div &gt; main &gt; div.container__wrap &gt; div &gt; div &gt; div.card &gt; div &gt; div.board.minimize &gt; div &gt; div &gt; div &gt; span:nth-child(1) &gt; section &gt; div &gt; div &gt; div &gt; article &gt; div &gt; div.name}</br><br>
	at sun.reflect.NativeConstructorAccessorImpl.newInstance0(Native Method)</br><br>
	at sun.reflect.NativeConstructorAccessorImpl.newInstance(NativeConstructorAccessorImpl.java:62)</br><br>
	at sun.reflect.DelegatingConstructorAccessorImpl.newInstance(DelegatingConstructorAccessorImpl.java:45)</br><br>
	at java.lang.reflect.Constructor.newInstance(Constructor.java:423)</br><br>
	at org.openqa.selenium.remote.ErrorHandler.createThrowable(ErrorHandler.java:215)</br><br>
	at org.openqa.selenium.remote.ErrorHandler.throwIfResponseFailed(ErrorHandler.java:167)</br><br>
	at org.openqa.selenium.remote.RemoteWebDriver.execute(RemoteWebDriver.java:671)</br><br>
	at org.openqa.selenium.remote.RemoteWebDriver.findElement(RemoteWebDriver.java:410)</br><br>
	at org.openqa.selenium.remote.RemoteWebDriver.findElementByCssSelector(RemoteWebDriver.java:501)</br><br>
	at org.openqa.selenium.By&#36;ByCssSelector.findElement(By.java:430)</br><br>
	at org.openqa.selenium.remote.RemoteWebDriver.findElement(RemoteWebDriver.java:402)</br><br>
	at com.cucumber.definition.admin.Dashboard.i_should_see_the_pet_appoinment_in_the_bashboard(Dashboard.java:41)</br><br>
	at &#10045;.And I should see the pet appoinment &quot;&quot; in the bashboard(C_Dashboard.feature:5)</br><br>
</br></div></td></tr><tr class="failed"><td colspan="2"><img src="screenshots/3_dashboard_testing_pet_tracking_board1558613140098.png" width="700px" /></td></tr></table></td></tr><tr class="passed"><td>After</td><td colspan="2"></td><td width="100">0.37s</td></tr><tr class="passed"><td colspan="4"></td></tr><tr><td colspan="5"><sup><a href="#top">Back to Table of Contents</a></sup></td></tr></table></td></tr><tr><td colspan="5"></td></tr></table>
	</body>
</html>